0 info it worked if it ends with ok
1 verbose cli [ '/usr/local/bin/node', '/usr/local/bin/npm', 'run', 'clean' ]
2 info using npm@4.1.2
3 info using node@v7.5.0
4 verbose run-script [ 'preclean', 'clean', 'postclean' ]
5 info lifecycle learn-redux@1.0.0~preclean: learn-redux@1.0.0
6 silly lifecycle learn-redux@1.0.0~preclean: no script for preclean, continuing
7 info lifecycle learn-redux@1.0.0~clean: learn-redux@1.0.0
8 verbose lifecycle learn-redux@1.0.0~clean: unsafe-perm in lifecycle true
9 verbose lifecycle learn-redux@1.0.0~clean: PATH: /usr/local/lib/node_modules/npm/bin/node-gyp-bin:/Users/garethrobertlee/projects/salfdux/node_modules/.bin:/Users/garethrobertlee/.rvm/gems/ruby-2.1.5/bin:/Users/garethrobertlee/.rvm/gems/ruby-2.1.5@global/bin:/Users/garethrobertlee/.rvm/rubies/ruby-2.1.5/bin:/usr/local/bin:/usr/bin:/bin:/usr/sbin:/sbin:/opt/ImageMagick/bin:/Users/garethrobertlee/.rvm/bin:/Users/garethrobertlee/.vimpkg/bin
10 verbose lifecycle learn-redux@1.0.0~clean: CWD: /Users/garethrobertlee/projects/salfdux
11 silly lifecycle learn-redux@1.0.0~clean: Args: [ '-c', 'rimraf dist' ]
12 silly lifecycle learn-redux@1.0.0~clean: Returned: code: 1  signal: null
13 info lifecycle learn-redux@1.0.0~clean: Failed to exec clean script
14 verbose stack Error: learn-redux@1.0.0 clean: `rimraf dist`
14 verbose stack Exit status 1
14 verbose stack     at EventEmitter.<anonymous> (/usr/local/lib/node_modules/npm/lib/utils/lifecycle.js:279:16)
14 verbose stack     at emitTwo (events.js:106:13)
14 verbose stack     at EventEmitter.emit (events.js:192:7)
14 verbose stack     at ChildProcess.<anonymous> (/usr/local/lib/node_modules/npm/lib/utils/spawn.js:40:14)
14 verbose stack     at emitTwo (events.js:106:13)
14 verbose stack     at ChildProcess.emit (events.js:192:7)
14 verbose stack     at maybeClose (internal/child_process.js:890:16)
14 verbose stack     at Process.ChildProcess._handle.onexit (internal/child_process.js:226:5)
15 verbose pkgid learn-redux@1.0.0
16 verbose cwd /Users/garethrobertlee/projects/salfdux
17 error Darwin 16.4.0
18 error argv "/usr/local/bin/node" "/usr/local/bin/npm" "run" "clean"
19 error node v7.5.0
20 error npm  v4.1.2
21 error code ELIFECYCLE
22 error learn-redux@1.0.0 clean: `rimraf dist`
22 error Exit status 1
23 error Failed at the learn-redux@1.0.0 clean script 'rimraf dist'.
23 error Make sure you have the latest version of node.js and npm installed.
23 error If you do, this is most likely a problem with the learn-redux package,
23 error not with npm itself.
23 error Tell the author that this fails on your system:
23 error     rimraf dist
23 error You can get information on how to open an issue for this project with:
23 error     npm bugs learn-redux
23 error Or if that isn't available, you can get their info via:
23 error     npm owner ls learn-redux
23 error There is likely additional logging output above.
24 verbose exit [ 1, true ]
